<?xml version="1.0" encoding="UTF-8"?>
<testng-results ignored="0" total="4" passed="4" failed="0" skipped="0">
  <reporter-output>
  </reporter-output>
  <suite started-at="2024-12-04T16:03:08 IST" name="Default suite" finished-at="2024-12-04T16:03:44 IST" duration-ms="35804">
    <groups>
    </groups>
    <test started-at="2024-12-04T16:03:08 IST" name="Default test" finished-at="2024-12-04T16:03:44 IST" duration-ms="35804">
      <class name="driverImpactReport.VivaDriverImpactReport">
        <test-method is-config="true" signature="setup()[pri:0, instance:driverImpactReport.VivaDriverImpactReport@f0da945]" started-at="2024-12-04T16:03:08 IST" name="setup" finished-at="2024-12-04T16:03:18 IST" duration-ms="10074" status="PASS">
          <reporter-output>
          </reporter-output>
        </test-method> <!-- setup -->
        <test-method is-config="true" signature="ExtentReports()[pri:0, instance:driverImpactReport.VivaDriverImpactReport@f0da945]" started-at="2024-12-04T16:03:18 IST" name="ExtentReports" finished-at="2024-12-04T16:03:19 IST" duration-ms="579" status="PASS">
          <reporter-output>
          </reporter-output>
        </test-method> <!-- ExtentReports -->
        <test-method is-config="true" signature="setObject()[pri:0, instance:driverImpactReport.VivaDriverImpactReport@f0da945]" started-at="2024-12-04T16:03:19 IST" name="setObject" finished-at="2024-12-04T16:03:36 IST" duration-ms="17138" status="PASS">
          <reporter-output>
          </reporter-output>
        </test-method> <!-- setObject -->
        <test-method signature="Tc_01()[pri:1, instance:driverImpactReport.VivaDriverImpactReport@f0da945]" started-at="2024-12-04T16:03:36 IST" name="Tc_01" finished-at="2024-12-04T16:03:38 IST" duration-ms="1351" status="PASS">
          <reporter-output>
          </reporter-output>
        </test-method> <!-- Tc_01 -->
        <test-method signature="Tc_02()[pri:2, instance:driverImpactReport.VivaDriverImpactReport@f0da945]" started-at="2024-12-04T16:03:38 IST" name="Tc_02" finished-at="2024-12-04T16:03:40 IST" duration-ms="2666" status="PASS">
          <reporter-output>
          </reporter-output>
        </test-method> <!-- Tc_02 -->
        <test-method signature="Tc_03()[pri:3, instance:driverImpactReport.VivaDriverImpactReport@f0da945]" started-at="2024-12-04T16:03:40 IST" name="Tc_03" finished-at="2024-12-04T16:03:41 IST" duration-ms="417" status="PASS">
          <reporter-output>
          </reporter-output>
        </test-method> <!-- Tc_03 -->
        <test-method signature="Tc_05()[pri:4, instance:driverImpactReport.VivaDriverImpactReport@f0da945]" started-at="2024-12-04T16:03:41 IST" name="Tc_05" finished-at="2024-12-04T16:03:43 IST" duration-ms="2176" status="PASS">
          <reporter-output>
          </reporter-output>
        </test-method> <!-- Tc_05 -->
        <test-method is-config="true" signature="Reports()[pri:0, instance:driverImpactReport.VivaDriverImpactReport@f0da945]" started-at="2024-12-04T16:03:43 IST" name="Reports" finished-at="2024-12-04T16:03:44 IST" duration-ms="1310" status="PASS">
          <reporter-output>
          </reporter-output>
        </test-method> <!-- Reports -->
      </class> <!-- driverImpactReport.VivaDriverImpactReport -->
    </test> <!-- Default test -->
  </suite> <!-- Default suite -->
</testng-results>
